ERROR - 2022-11-17 21:01:51 --> mysqli_sql_exception: Unknown column 'created_at' in 'field list' in G:\codeigniter4\codeigniter4-framework-6ffad15\system\Database\MySQLi\Connection.php:292
Stack trace:
#0 G:\codeigniter4\codeigniter4-framework-6ffad15\system\Database\MySQLi\Connection.php(292): mysqli->query('INSERT INTO `ma...', 0)
#1 G:\codeigniter4\codeigniter4-framework-6ffad15\system\Database\BaseConnection.php(666): CodeIgniter\Database\MySQLi\Connection->execute('INSERT INTO `ma...')
#2 G:\codeigniter4\codeigniter4-framework-6ffad15\system\Database\BaseConnection.php(593): CodeIgniter\Database\BaseConnection->simpleQuery('INSERT INTO `ma...')
#3 G:\codeigniter4\codeigniter4-framework-6ffad15\system\Database\BaseBuilder.php(1916): CodeIgniter\Database\BaseConnection->query('INSERT INTO `ma...', Array, false)
#4 G:\codeigniter4\codeigniter4-framework-6ffad15\system\Model.php(279): CodeIgniter\Database\BaseBuilder->insert()
#5 G:\codeigniter4\codeigniter4-framework-6ffad15\system\BaseModel.php(749): CodeIgniter\Model->doInsert(Array)
#6 G:\codeigniter4\codeigniter4-framework-6ffad15\system\Model.php(667): CodeIgniter\BaseModel->insert(Array, false)
#7 G:\codeigniter4\codeigniter4-framework-6ffad15\system\BaseModel.php(659): CodeIgniter\Model->insert(Array, false)
#8 G:\codeigniter4\codeigniter4-framework-6ffad15\app\Controllers\Mahasiswa.php(85): CodeIgniter\BaseModel->save(Array)
#9 G:\codeigniter4\codeigniter4-framework-6ffad15\system\CodeIgniter.php(927): App\Controllers\Mahasiswa->create()
#10 G:\codeigniter4\codeigniter4-framework-6ffad15\system\CodeIgniter.php(482): CodeIgniter\CodeIgniter->runController(Object(App\Controllers\Mahasiswa))
#11 G:\codeigniter4\codeigniter4-framework-6ffad15\system\CodeIgniter.php(351): CodeIgniter\CodeIgniter->handleRequest(NULL, Object(Config\Cache), false)
#12 G:\codeigniter4\codeigniter4-framework-6ffad15\public\index.php(67): CodeIgniter\CodeIgniter->run()
#13 G:\codeigniter4\codeigniter4-framework-6ffad15\system\Commands\Server\rewrite.php(46): require_once('G:\\codeigniter4...')
#14 {main}
CRITICAL - 2022-11-17 21:01:51 --> Unknown column 'created_at' in 'field list'
in SYSTEMPATH\Database\MySQLi\Connection.php on line 292.
 1 SYSTEMPATH\Database\MySQLi\Connection.php(292): mysqli->query('INSERT INTO `mahasiswa` (`email`, `nim`, `fullname`, `user_image`, `created_at`, `updated_at`) VALUES (\'haruman@gmail.com\', \'1002\', \'AsepWawan\', \'mamang.jpg\', \'2022-11-17 21:01:51\', \'2022-11-17 21:01:51\')', 0)
 2 SYSTEMPATH\Database\BaseConnection.php(666): CodeIgniter\Database\MySQLi\Connection->execute('INSERT INTO `mahasiswa` (`email`, `nim`, `fullname`, `user_image`, `created_at`, `updated_at`) VALUES (\'haruman@gmail.com\', \'1002\', \'AsepWawan\', \'mamang.jpg\', \'2022-11-17 21:01:51\', \'2022-11-17 21:01:51\')')
 3 SYSTEMPATH\Database\BaseConnection.php(593): CodeIgniter\Database\BaseConnection->simpleQuery('INSERT INTO `mahasiswa` (`email`, `nim`, `fullname`, `user_image`, `created_at`, `updated_at`) VALUES (\'haruman@gmail.com\', \'1002\', \'AsepWawan\', \'mamang.jpg\', \'2022-11-17 21:01:51\', \'2022-11-17 21:01:51\')')
 4 SYSTEMPATH\Database\BaseBuilder.php(1916): CodeIgniter\Database\BaseConnection->query('INSERT INTO `mahasiswa` (`email`, `nim`, `fullname`, `user_image`, `created_at`, `updated_at`) VALUES (:email:, :nim:, :fullname:, :user_image:, :created_at:, :updated_at:)', [...], false)
 5 SYSTEMPATH\Model.php(279): CodeIgniter\Database\BaseBuilder->insert()
 6 SYSTEMPATH\BaseModel.php(749): CodeIgniter\Model->doInsert([...])
 7 SYSTEMPATH\Model.php(667): CodeIgniter\BaseModel->insert([...], false)
 8 SYSTEMPATH\BaseModel.php(659): CodeIgniter\Model->insert([...], false)
 9 APPPATH\Controllers\Mahasiswa.php(85): CodeIgniter\BaseModel->save([...])
10 SYSTEMPATH\CodeIgniter.php(927): App\Controllers\Mahasiswa->create()
11 SYSTEMPATH\CodeIgniter.php(482): CodeIgniter\CodeIgniter->runController(Object(App\Controllers\Mahasiswa))
12 SYSTEMPATH\CodeIgniter.php(351): CodeIgniter\CodeIgniter->handleRequest(null, Object(Config\Cache), false)
13 FCPATH\index.php(67): CodeIgniter\CodeIgniter->run()
14 SYSTEMPATH\Commands\Server\rewrite.php(46): require_once('FCPATH\\index.php')
ERROR - 2022-11-17 21:02:55 --> mysqli_sql_exception: Unknown column 'created_at' in 'field list' in G:\codeigniter4\codeigniter4-framework-6ffad15\system\Database\MySQLi\Connection.php:292
Stack trace:
#0 G:\codeigniter4\codeigniter4-framework-6ffad15\system\Database\MySQLi\Connection.php(292): mysqli->query('INSERT INTO `ma...', 0)
#1 G:\codeigniter4\codeigniter4-framework-6ffad15\system\Database\BaseConnection.php(666): CodeIgniter\Database\MySQLi\Connection->execute('INSERT INTO `ma...')
#2 G:\codeigniter4\codeigniter4-framework-6ffad15\system\Database\BaseConnection.php(593): CodeIgniter\Database\BaseConnection->simpleQuery('INSERT INTO `ma...')
#3 G:\codeigniter4\codeigniter4-framework-6ffad15\system\Database\BaseBuilder.php(1916): CodeIgniter\Database\BaseConnection->query('INSERT INTO `ma...', Array, false)
#4 G:\codeigniter4\codeigniter4-framework-6ffad15\system\Model.php(279): CodeIgniter\Database\BaseBuilder->insert()
#5 G:\codeigniter4\codeigniter4-framework-6ffad15\system\BaseModel.php(749): CodeIgniter\Model->doInsert(Array)
#6 G:\codeigniter4\codeigniter4-framework-6ffad15\system\Model.php(667): CodeIgniter\BaseModel->insert(Array, false)
#7 G:\codeigniter4\codeigniter4-framework-6ffad15\system\BaseModel.php(659): CodeIgniter\Model->insert(Array, false)
#8 G:\codeigniter4\codeigniter4-framework-6ffad15\app\Controllers\Mahasiswa.php(85): CodeIgniter\BaseModel->save(Array)
#9 G:\codeigniter4\codeigniter4-framework-6ffad15\system\CodeIgniter.php(927): App\Controllers\Mahasiswa->create()
#10 G:\codeigniter4\codeigniter4-framework-6ffad15\system\CodeIgniter.php(482): CodeIgniter\CodeIgniter->runController(Object(App\Controllers\Mahasiswa))
#11 G:\codeigniter4\codeigniter4-framework-6ffad15\system\CodeIgniter.php(351): CodeIgniter\CodeIgniter->handleRequest(NULL, Object(Config\Cache), false)
#12 G:\codeigniter4\codeigniter4-framework-6ffad15\public\index.php(67): CodeIgniter\CodeIgniter->run()
#13 G:\codeigniter4\codeigniter4-framework-6ffad15\system\Commands\Server\rewrite.php(46): require_once('G:\\codeigniter4...')
#14 {main}
CRITICAL - 2022-11-17 21:02:55 --> Unknown column 'created_at' in 'field list'
in SYSTEMPATH\Database\MySQLi\Connection.php on line 292.
 1 SYSTEMPATH\Database\MySQLi\Connection.php(292): mysqli->query('INSERT INTO `mahasiswa` (`email`, `nim`, `fullname`, `user_image`, `created_at`, `updated_at`) VALUES (\'haruman@gmail.com\', \'1002\', \'AsepWawan\', \'default.jpg\', \'2022-11-17 21:02:55\', \'2022-11-17 21:02:55\')', 0)
 2 SYSTEMPATH\Database\BaseConnection.php(666): CodeIgniter\Database\MySQLi\Connection->execute('INSERT INTO `mahasiswa` (`email`, `nim`, `fullname`, `user_image`, `created_at`, `updated_at`) VALUES (\'haruman@gmail.com\', \'1002\', \'AsepWawan\', \'default.jpg\', \'2022-11-17 21:02:55\', \'2022-11-17 21:02:55\')')
 3 SYSTEMPATH\Database\BaseConnection.php(593): CodeIgniter\Database\BaseConnection->simpleQuery('INSERT INTO `mahasiswa` (`email`, `nim`, `fullname`, `user_image`, `created_at`, `updated_at`) VALUES (\'haruman@gmail.com\', \'1002\', \'AsepWawan\', \'default.jpg\', \'2022-11-17 21:02:55\', \'2022-11-17 21:02:55\')')
 4 SYSTEMPATH\Database\BaseBuilder.php(1916): CodeIgniter\Database\BaseConnection->query('INSERT INTO `mahasiswa` (`email`, `nim`, `fullname`, `user_image`, `created_at`, `updated_at`) VALUES (:email:, :nim:, :fullname:, :user_image:, :created_at:, :updated_at:)', [...], false)
 5 SYSTEMPATH\Model.php(279): CodeIgniter\Database\BaseBuilder->insert()
 6 SYSTEMPATH\BaseModel.php(749): CodeIgniter\Model->doInsert([...])
 7 SYSTEMPATH\Model.php(667): CodeIgniter\BaseModel->insert([...], false)
 8 SYSTEMPATH\BaseModel.php(659): CodeIgniter\Model->insert([...], false)
 9 APPPATH\Controllers\Mahasiswa.php(85): CodeIgniter\BaseModel->save([...])
10 SYSTEMPATH\CodeIgniter.php(927): App\Controllers\Mahasiswa->create()
11 SYSTEMPATH\CodeIgniter.php(482): CodeIgniter\CodeIgniter->runController(Object(App\Controllers\Mahasiswa))
12 SYSTEMPATH\CodeIgniter.php(351): CodeIgniter\CodeIgniter->handleRequest(null, Object(Config\Cache), false)
13 FCPATH\index.php(67): CodeIgniter\CodeIgniter->run()
14 SYSTEMPATH\Commands\Server\rewrite.php(46): require_once('FCPATH\\index.php')
ERROR - 2022-11-17 21:04:13 --> mysqli_sql_exception: Unknown column 'created_at' in 'field list' in G:\codeigniter4\codeigniter4-framework-6ffad15\system\Database\MySQLi\Connection.php:292
Stack trace:
#0 G:\codeigniter4\codeigniter4-framework-6ffad15\system\Database\MySQLi\Connection.php(292): mysqli->query('INSERT INTO `ma...', 0)
#1 G:\codeigniter4\codeigniter4-framework-6ffad15\system\Database\BaseConnection.php(666): CodeIgniter\Database\MySQLi\Connection->execute('INSERT INTO `ma...')
#2 G:\codeigniter4\codeigniter4-framework-6ffad15\system\Database\BaseConnection.php(593): CodeIgniter\Database\BaseConnection->simpleQuery('INSERT INTO `ma...')
#3 G:\codeigniter4\codeigniter4-framework-6ffad15\system\Database\BaseBuilder.php(1916): CodeIgniter\Database\BaseConnection->query('INSERT INTO `ma...', Array, false)
#4 G:\codeigniter4\codeigniter4-framework-6ffad15\system\Model.php(279): CodeIgniter\Database\BaseBuilder->insert()
#5 G:\codeigniter4\codeigniter4-framework-6ffad15\system\BaseModel.php(749): CodeIgniter\Model->doInsert(Array)
#6 G:\codeigniter4\codeigniter4-framework-6ffad15\system\Model.php(667): CodeIgniter\BaseModel->insert(Array, false)
#7 G:\codeigniter4\codeigniter4-framework-6ffad15\system\BaseModel.php(659): CodeIgniter\Model->insert(Array, false)
#8 G:\codeigniter4\codeigniter4-framework-6ffad15\app\Controllers\Mahasiswa.php(85): CodeIgniter\BaseModel->save(Array)
#9 G:\codeigniter4\codeigniter4-framework-6ffad15\system\CodeIgniter.php(927): App\Controllers\Mahasiswa->create()
#10 G:\codeigniter4\codeigniter4-framework-6ffad15\system\CodeIgniter.php(482): CodeIgniter\CodeIgniter->runController(Object(App\Controllers\Mahasiswa))
#11 G:\codeigniter4\codeigniter4-framework-6ffad15\system\CodeIgniter.php(351): CodeIgniter\CodeIgniter->handleRequest(NULL, Object(Config\Cache), false)
#12 G:\codeigniter4\codeigniter4-framework-6ffad15\public\index.php(67): CodeIgniter\CodeIgniter->run()
#13 G:\codeigniter4\codeigniter4-framework-6ffad15\system\Commands\Server\rewrite.php(46): require_once('G:\\codeigniter4...')
#14 {main}
CRITICAL - 2022-11-17 21:04:13 --> Unknown column 'created_at' in 'field list'
in SYSTEMPATH\Database\MySQLi\Connection.php on line 292.
 1 SYSTEMPATH\Database\MySQLi\Connection.php(292): mysqli->query('INSERT INTO `mahasiswa` (`email`, `nim`, `fullname`, `user_image`, `created_at`, `updated_at`) VALUES (\'haruman@gmail.com\', \'1002\', \'AsepWawan\', \'default.jpg\', \'2022-11-17 21:04:13\', \'2022-11-17 21:04:13\')', 0)
 2 SYSTEMPATH\Database\BaseConnection.php(666): CodeIgniter\Database\MySQLi\Connection->execute('INSERT INTO `mahasiswa` (`email`, `nim`, `fullname`, `user_image`, `created_at`, `updated_at`) VALUES (\'haruman@gmail.com\', \'1002\', \'AsepWawan\', \'default.jpg\', \'2022-11-17 21:04:13\', \'2022-11-17 21:04:13\')')
 3 SYSTEMPATH\Database\BaseConnection.php(593): CodeIgniter\Database\BaseConnection->simpleQuery('INSERT INTO `mahasiswa` (`email`, `nim`, `fullname`, `user_image`, `created_at`, `updated_at`) VALUES (\'haruman@gmail.com\', \'1002\', \'AsepWawan\', \'default.jpg\', \'2022-11-17 21:04:13\', \'2022-11-17 21:04:13\')')
 4 SYSTEMPATH\Database\BaseBuilder.php(1916): CodeIgniter\Database\BaseConnection->query('INSERT INTO `mahasiswa` (`email`, `nim`, `fullname`, `user_image`, `created_at`, `updated_at`) VALUES (:email:, :nim:, :fullname:, :user_image:, :created_at:, :updated_at:)', [...], false)
 5 SYSTEMPATH\Model.php(279): CodeIgniter\Database\BaseBuilder->insert()
 6 SYSTEMPATH\BaseModel.php(749): CodeIgniter\Model->doInsert([...])
 7 SYSTEMPATH\Model.php(667): CodeIgniter\BaseModel->insert([...], false)
 8 SYSTEMPATH\BaseModel.php(659): CodeIgniter\Model->insert([...], false)
 9 APPPATH\Controllers\Mahasiswa.php(85): CodeIgniter\BaseModel->save([...])
10 SYSTEMPATH\CodeIgniter.php(927): App\Controllers\Mahasiswa->create()
11 SYSTEMPATH\CodeIgniter.php(482): CodeIgniter\CodeIgniter->runController(Object(App\Controllers\Mahasiswa))
12 SYSTEMPATH\CodeIgniter.php(351): CodeIgniter\CodeIgniter->handleRequest(null, Object(Config\Cache), false)
13 FCPATH\index.php(67): CodeIgniter\CodeIgniter->run()
14 SYSTEMPATH\Commands\Server\rewrite.php(46): require_once('FCPATH\\index.php')
ERROR - 2022-11-17 21:05:09 --> mysqli_sql_exception: Unknown column 'created_at' in 'field list' in G:\codeigniter4\codeigniter4-framework-6ffad15\system\Database\MySQLi\Connection.php:292
Stack trace:
#0 G:\codeigniter4\codeigniter4-framework-6ffad15\system\Database\MySQLi\Connection.php(292): mysqli->query('INSERT INTO `ma...', 0)
#1 G:\codeigniter4\codeigniter4-framework-6ffad15\system\Database\BaseConnection.php(666): CodeIgniter\Database\MySQLi\Connection->execute('INSERT INTO `ma...')
#2 G:\codeigniter4\codeigniter4-framework-6ffad15\system\Database\BaseConnection.php(593): CodeIgniter\Database\BaseConnection->simpleQuery('INSERT INTO `ma...')
#3 G:\codeigniter4\codeigniter4-framework-6ffad15\system\Database\BaseBuilder.php(1916): CodeIgniter\Database\BaseConnection->query('INSERT INTO `ma...', Array, false)
#4 G:\codeigniter4\codeigniter4-framework-6ffad15\system\Model.php(279): CodeIgniter\Database\BaseBuilder->insert()
#5 G:\codeigniter4\codeigniter4-framework-6ffad15\system\BaseModel.php(749): CodeIgniter\Model->doInsert(Array)
#6 G:\codeigniter4\codeigniter4-framework-6ffad15\system\Model.php(667): CodeIgniter\BaseModel->insert(Array, false)
#7 G:\codeigniter4\codeigniter4-framework-6ffad15\system\BaseModel.php(659): CodeIgniter\Model->insert(Array, false)
#8 G:\codeigniter4\codeigniter4-framework-6ffad15\app\Controllers\Mahasiswa.php(85): CodeIgniter\BaseModel->save(Array)
#9 G:\codeigniter4\codeigniter4-framework-6ffad15\system\CodeIgniter.php(927): App\Controllers\Mahasiswa->create()
#10 G:\codeigniter4\codeigniter4-framework-6ffad15\system\CodeIgniter.php(482): CodeIgniter\CodeIgniter->runController(Object(App\Controllers\Mahasiswa))
#11 G:\codeigniter4\codeigniter4-framework-6ffad15\system\CodeIgniter.php(351): CodeIgniter\CodeIgniter->handleRequest(NULL, Object(Config\Cache), false)
#12 G:\codeigniter4\codeigniter4-framework-6ffad15\public\index.php(67): CodeIgniter\CodeIgniter->run()
#13 G:\codeigniter4\codeigniter4-framework-6ffad15\system\Commands\Server\rewrite.php(46): require_once('G:\\codeigniter4...')
#14 {main}
CRITICAL - 2022-11-17 21:05:09 --> Unknown column 'created_at' in 'field list'
in SYSTEMPATH\Database\MySQLi\Connection.php on line 292.
 1 SYSTEMPATH\Database\MySQLi\Connection.php(292): mysqli->query('INSERT INTO `mahasiswa` (`email`, `nim`, `fullname`, `user_image`, `created_at`, `updated_at`) VALUES (\'haruman@gmail.com\', \'1002\', \'AsepWawan\', \'default.jpg\', \'2022-11-17 21:05:09\', \'2022-11-17 21:05:09\')', 0)
 2 SYSTEMPATH\Database\BaseConnection.php(666): CodeIgniter\Database\MySQLi\Connection->execute('INSERT INTO `mahasiswa` (`email`, `nim`, `fullname`, `user_image`, `created_at`, `updated_at`) VALUES (\'haruman@gmail.com\', \'1002\', \'AsepWawan\', \'default.jpg\', \'2022-11-17 21:05:09\', \'2022-11-17 21:05:09\')')
 3 SYSTEMPATH\Database\BaseConnection.php(593): CodeIgniter\Database\BaseConnection->simpleQuery('INSERT INTO `mahasiswa` (`email`, `nim`, `fullname`, `user_image`, `created_at`, `updated_at`) VALUES (\'haruman@gmail.com\', \'1002\', \'AsepWawan\', \'default.jpg\', \'2022-11-17 21:05:09\', \'2022-11-17 21:05:09\')')
 4 SYSTEMPATH\Database\BaseBuilder.php(1916): CodeIgniter\Database\BaseConnection->query('INSERT INTO `mahasiswa` (`email`, `nim`, `fullname`, `user_image`, `created_at`, `updated_at`) VALUES (:email:, :nim:, :fullname:, :user_image:, :created_at:, :updated_at:)', [...], false)
 5 SYSTEMPATH\Model.php(279): CodeIgniter\Database\BaseBuilder->insert()
 6 SYSTEMPATH\BaseModel.php(749): CodeIgniter\Model->doInsert([...])
 7 SYSTEMPATH\Model.php(667): CodeIgniter\BaseModel->insert([...], false)
 8 SYSTEMPATH\BaseModel.php(659): CodeIgniter\Model->insert([...], false)
 9 APPPATH\Controllers\Mahasiswa.php(85): CodeIgniter\BaseModel->save([...])
10 SYSTEMPATH\CodeIgniter.php(927): App\Controllers\Mahasiswa->create()
11 SYSTEMPATH\CodeIgniter.php(482): CodeIgniter\CodeIgniter->runController(Object(App\Controllers\Mahasiswa))
12 SYSTEMPATH\CodeIgniter.php(351): CodeIgniter\CodeIgniter->handleRequest(null, Object(Config\Cache), false)
13 FCPATH\index.php(67): CodeIgniter\CodeIgniter->run()
14 SYSTEMPATH\Commands\Server\rewrite.php(46): require_once('FCPATH\\index.php')
ERROR - 2022-11-17 21:05:38 --> mysqli_sql_exception: Unknown column 'created_at' in 'field list' in G:\codeigniter4\codeigniter4-framework-6ffad15\system\Database\MySQLi\Connection.php:292
Stack trace:
#0 G:\codeigniter4\codeigniter4-framework-6ffad15\system\Database\MySQLi\Connection.php(292): mysqli->query('INSERT INTO `ma...', 0)
#1 G:\codeigniter4\codeigniter4-framework-6ffad15\system\Database\BaseConnection.php(666): CodeIgniter\Database\MySQLi\Connection->execute('INSERT INTO `ma...')
#2 G:\codeigniter4\codeigniter4-framework-6ffad15\system\Database\BaseConnection.php(593): CodeIgniter\Database\BaseConnection->simpleQuery('INSERT INTO `ma...')
#3 G:\codeigniter4\codeigniter4-framework-6ffad15\system\Database\BaseBuilder.php(1916): CodeIgniter\Database\BaseConnection->query('INSERT INTO `ma...', Array, false)
#4 G:\codeigniter4\codeigniter4-framework-6ffad15\system\Model.php(279): CodeIgniter\Database\BaseBuilder->insert()
#5 G:\codeigniter4\codeigniter4-framework-6ffad15\system\BaseModel.php(749): CodeIgniter\Model->doInsert(Array)
#6 G:\codeigniter4\codeigniter4-framework-6ffad15\system\Model.php(667): CodeIgniter\BaseModel->insert(Array, false)
#7 G:\codeigniter4\codeigniter4-framework-6ffad15\system\BaseModel.php(659): CodeIgniter\Model->insert(Array, false)
#8 G:\codeigniter4\codeigniter4-framework-6ffad15\app\Controllers\Mahasiswa.php(85): CodeIgniter\BaseModel->save(Array)
#9 G:\codeigniter4\codeigniter4-framework-6ffad15\system\CodeIgniter.php(927): App\Controllers\Mahasiswa->create()
#10 G:\codeigniter4\codeigniter4-framework-6ffad15\system\CodeIgniter.php(482): CodeIgniter\CodeIgniter->runController(Object(App\Controllers\Mahasiswa))
#11 G:\codeigniter4\codeigniter4-framework-6ffad15\system\CodeIgniter.php(351): CodeIgniter\CodeIgniter->handleRequest(NULL, Object(Config\Cache), false)
#12 G:\codeigniter4\codeigniter4-framework-6ffad15\public\index.php(67): CodeIgniter\CodeIgniter->run()
#13 G:\codeigniter4\codeigniter4-framework-6ffad15\system\Commands\Server\rewrite.php(46): require_once('G:\\codeigniter4...')
#14 {main}
CRITICAL - 2022-11-17 21:05:38 --> Unknown column 'created_at' in 'field list'
in SYSTEMPATH\Database\MySQLi\Connection.php on line 292.
 1 SYSTEMPATH\Database\MySQLi\Connection.php(292): mysqli->query('INSERT INTO `mahasiswa` (`email`, `nim`, `fullname`, `user_image`, `created_at`, `updated_at`) VALUES (\'haruman@gmail.com\', \'1002\', \'AsepWawan\', \'default.jpg\', \'2022-11-17 21:05:38\', \'2022-11-17 21:05:38\')', 0)
 2 SYSTEMPATH\Database\BaseConnection.php(666): CodeIgniter\Database\MySQLi\Connection->execute('INSERT INTO `mahasiswa` (`email`, `nim`, `fullname`, `user_image`, `created_at`, `updated_at`) VALUES (\'haruman@gmail.com\', \'1002\', \'AsepWawan\', \'default.jpg\', \'2022-11-17 21:05:38\', \'2022-11-17 21:05:38\')')
 3 SYSTEMPATH\Database\BaseConnection.php(593): CodeIgniter\Database\BaseConnection->simpleQuery('INSERT INTO `mahasiswa` (`email`, `nim`, `fullname`, `user_image`, `created_at`, `updated_at`) VALUES (\'haruman@gmail.com\', \'1002\', \'AsepWawan\', \'default.jpg\', \'2022-11-17 21:05:38\', \'2022-11-17 21:05:38\')')
 4 SYSTEMPATH\Database\BaseBuilder.php(1916): CodeIgniter\Database\BaseConnection->query('INSERT INTO `mahasiswa` (`email`, `nim`, `fullname`, `user_image`, `created_at`, `updated_at`) VALUES (:email:, :nim:, :fullname:, :user_image:, :created_at:, :updated_at:)', [...], false)
 5 SYSTEMPATH\Model.php(279): CodeIgniter\Database\BaseBuilder->insert()
 6 SYSTEMPATH\BaseModel.php(749): CodeIgniter\Model->doInsert([...])
 7 SYSTEMPATH\Model.php(667): CodeIgniter\BaseModel->insert([...], false)
 8 SYSTEMPATH\BaseModel.php(659): CodeIgniter\Model->insert([...], false)
 9 APPPATH\Controllers\Mahasiswa.php(85): CodeIgniter\BaseModel->save([...])
10 SYSTEMPATH\CodeIgniter.php(927): App\Controllers\Mahasiswa->create()
11 SYSTEMPATH\CodeIgniter.php(482): CodeIgniter\CodeIgniter->runController(Object(App\Controllers\Mahasiswa))
12 SYSTEMPATH\CodeIgniter.php(351): CodeIgniter\CodeIgniter->handleRequest(null, Object(Config\Cache), false)
13 FCPATH\index.php(67): CodeIgniter\CodeIgniter->run()
14 SYSTEMPATH\Commands\Server\rewrite.php(46): require_once('FCPATH\\index.php')
ERROR - 2022-11-17 21:05:41 --> mysqli_sql_exception: Unknown column 'created_at' in 'field list' in G:\codeigniter4\codeigniter4-framework-6ffad15\system\Database\MySQLi\Connection.php:292
Stack trace:
#0 G:\codeigniter4\codeigniter4-framework-6ffad15\system\Database\MySQLi\Connection.php(292): mysqli->query('INSERT INTO `ma...', 0)
#1 G:\codeigniter4\codeigniter4-framework-6ffad15\system\Database\BaseConnection.php(666): CodeIgniter\Database\MySQLi\Connection->execute('INSERT INTO `ma...')
#2 G:\codeigniter4\codeigniter4-framework-6ffad15\system\Database\BaseConnection.php(593): CodeIgniter\Database\BaseConnection->simpleQuery('INSERT INTO `ma...')
#3 G:\codeigniter4\codeigniter4-framework-6ffad15\system\Database\BaseBuilder.php(1916): CodeIgniter\Database\BaseConnection->query('INSERT INTO `ma...', Array, false)
#4 G:\codeigniter4\codeigniter4-framework-6ffad15\system\Model.php(279): CodeIgniter\Database\BaseBuilder->insert()
#5 G:\codeigniter4\codeigniter4-framework-6ffad15\system\BaseModel.php(749): CodeIgniter\Model->doInsert(Array)
#6 G:\codeigniter4\codeigniter4-framework-6ffad15\system\Model.php(667): CodeIgniter\BaseModel->insert(Array, false)
#7 G:\codeigniter4\codeigniter4-framework-6ffad15\system\BaseModel.php(659): CodeIgniter\Model->insert(Array, false)
#8 G:\codeigniter4\codeigniter4-framework-6ffad15\app\Controllers\Mahasiswa.php(85): CodeIgniter\BaseModel->save(Array)
#9 G:\codeigniter4\codeigniter4-framework-6ffad15\system\CodeIgniter.php(927): App\Controllers\Mahasiswa->create()
#10 G:\codeigniter4\codeigniter4-framework-6ffad15\system\CodeIgniter.php(482): CodeIgniter\CodeIgniter->runController(Object(App\Controllers\Mahasiswa))
#11 G:\codeigniter4\codeigniter4-framework-6ffad15\system\CodeIgniter.php(351): CodeIgniter\CodeIgniter->handleRequest(NULL, Object(Config\Cache), false)
#12 G:\codeigniter4\codeigniter4-framework-6ffad15\public\index.php(67): CodeIgniter\CodeIgniter->run()
#13 G:\codeigniter4\codeigniter4-framework-6ffad15\system\Commands\Server\rewrite.php(46): require_once('G:\\codeigniter4...')
#14 {main}
CRITICAL - 2022-11-17 21:05:41 --> Unknown column 'created_at' in 'field list'
in SYSTEMPATH\Database\MySQLi\Connection.php on line 292.
 1 SYSTEMPATH\Database\MySQLi\Connection.php(292): mysqli->query('INSERT INTO `mahasiswa` (`email`, `nim`, `fullname`, `user_image`, `created_at`, `updated_at`) VALUES (\'haruman@gmail.com\', \'1002\', \'AsepWawan\', \'default.jpg\', \'2022-11-17 21:05:41\', \'2022-11-17 21:05:41\')', 0)
 2 SYSTEMPATH\Database\BaseConnection.php(666): CodeIgniter\Database\MySQLi\Connection->execute('INSERT INTO `mahasiswa` (`email`, `nim`, `fullname`, `user_image`, `created_at`, `updated_at`) VALUES (\'haruman@gmail.com\', \'1002\', \'AsepWawan\', \'default.jpg\', \'2022-11-17 21:05:41\', \'2022-11-17 21:05:41\')')
 3 SYSTEMPATH\Database\BaseConnection.php(593): CodeIgniter\Database\BaseConnection->simpleQuery('INSERT INTO `mahasiswa` (`email`, `nim`, `fullname`, `user_image`, `created_at`, `updated_at`) VALUES (\'haruman@gmail.com\', \'1002\', \'AsepWawan\', \'default.jpg\', \'2022-11-17 21:05:41\', \'2022-11-17 21:05:41\')')
 4 SYSTEMPATH\Database\BaseBuilder.php(1916): CodeIgniter\Database\BaseConnection->query('INSERT INTO `mahasiswa` (`email`, `nim`, `fullname`, `user_image`, `created_at`, `updated_at`) VALUES (:email:, :nim:, :fullname:, :user_image:, :created_at:, :updated_at:)', [...], false)
 5 SYSTEMPATH\Model.php(279): CodeIgniter\Database\BaseBuilder->insert()
 6 SYSTEMPATH\BaseModel.php(749): CodeIgniter\Model->doInsert([...])
 7 SYSTEMPATH\Model.php(667): CodeIgniter\BaseModel->insert([...], false)
 8 SYSTEMPATH\BaseModel.php(659): CodeIgniter\Model->insert([...], false)
 9 APPPATH\Controllers\Mahasiswa.php(85): CodeIgniter\BaseModel->save([...])
10 SYSTEMPATH\CodeIgniter.php(927): App\Controllers\Mahasiswa->create()
11 SYSTEMPATH\CodeIgniter.php(482): CodeIgniter\CodeIgniter->runController(Object(App\Controllers\Mahasiswa))
12 SYSTEMPATH\CodeIgniter.php(351): CodeIgniter\CodeIgniter->handleRequest(null, Object(Config\Cache), false)
13 FCPATH\index.php(67): CodeIgniter\CodeIgniter->run()
14 SYSTEMPATH\Commands\Server\rewrite.php(46): require_once('FCPATH\\index.php')
ERROR - 2022-11-17 21:06:06 --> mysqli_sql_exception: Unknown column 'created_at' in 'field list' in G:\codeigniter4\codeigniter4-framework-6ffad15\system\Database\MySQLi\Connection.php:292
Stack trace:
#0 G:\codeigniter4\codeigniter4-framework-6ffad15\system\Database\MySQLi\Connection.php(292): mysqli->query('INSERT INTO `ma...', 0)
#1 G:\codeigniter4\codeigniter4-framework-6ffad15\system\Database\BaseConnection.php(666): CodeIgniter\Database\MySQLi\Connection->execute('INSERT INTO `ma...')
#2 G:\codeigniter4\codeigniter4-framework-6ffad15\system\Database\BaseConnection.php(593): CodeIgniter\Database\BaseConnection->simpleQuery('INSERT INTO `ma...')
#3 G:\codeigniter4\codeigniter4-framework-6ffad15\system\Database\BaseBuilder.php(1916): CodeIgniter\Database\BaseConnection->query('INSERT INTO `ma...', Array, false)
#4 G:\codeigniter4\codeigniter4-framework-6ffad15\system\Model.php(279): CodeIgniter\Database\BaseBuilder->insert()
#5 G:\codeigniter4\codeigniter4-framework-6ffad15\system\BaseModel.php(749): CodeIgniter\Model->doInsert(Array)
#6 G:\codeigniter4\codeigniter4-framework-6ffad15\system\Model.php(667): CodeIgniter\BaseModel->insert(Array, false)
#7 G:\codeigniter4\codeigniter4-framework-6ffad15\system\BaseModel.php(659): CodeIgniter\Model->insert(Array, false)
#8 G:\codeigniter4\codeigniter4-framework-6ffad15\app\Controllers\Mahasiswa.php(85): CodeIgniter\BaseModel->save(Array)
#9 G:\codeigniter4\codeigniter4-framework-6ffad15\system\CodeIgniter.php(927): App\Controllers\Mahasiswa->create()
#10 G:\codeigniter4\codeigniter4-framework-6ffad15\system\CodeIgniter.php(482): CodeIgniter\CodeIgniter->runController(Object(App\Controllers\Mahasiswa))
#11 G:\codeigniter4\codeigniter4-framework-6ffad15\system\CodeIgniter.php(351): CodeIgniter\CodeIgniter->handleRequest(NULL, Object(Config\Cache), false)
#12 G:\codeigniter4\codeigniter4-framework-6ffad15\public\index.php(67): CodeIgniter\CodeIgniter->run()
#13 G:\codeigniter4\codeigniter4-framework-6ffad15\system\Commands\Server\rewrite.php(46): require_once('G:\\codeigniter4...')
#14 {main}
CRITICAL - 2022-11-17 21:06:06 --> Unknown column 'created_at' in 'field list'
in SYSTEMPATH\Database\MySQLi\Connection.php on line 292.
 1 SYSTEMPATH\Database\MySQLi\Connection.php(292): mysqli->query('INSERT INTO `mahasiswa` (`email`, `nim`, `fullname`, `user_image`, `created_at`, `updated_at`) VALUES (\'haruman@gmail.com\', \'1002\', \'AsepWawan\', \'default.jpg\', \'2022-11-17 21:06:06\', \'2022-11-17 21:06:06\')', 0)
 2 SYSTEMPATH\Database\BaseConnection.php(666): CodeIgniter\Database\MySQLi\Connection->execute('INSERT INTO `mahasiswa` (`email`, `nim`, `fullname`, `user_image`, `created_at`, `updated_at`) VALUES (\'haruman@gmail.com\', \'1002\', \'AsepWawan\', \'default.jpg\', \'2022-11-17 21:06:06\', \'2022-11-17 21:06:06\')')
 3 SYSTEMPATH\Database\BaseConnection.php(593): CodeIgniter\Database\BaseConnection->simpleQuery('INSERT INTO `mahasiswa` (`email`, `nim`, `fullname`, `user_image`, `created_at`, `updated_at`) VALUES (\'haruman@gmail.com\', \'1002\', \'AsepWawan\', \'default.jpg\', \'2022-11-17 21:06:06\', \'2022-11-17 21:06:06\')')
 4 SYSTEMPATH\Database\BaseBuilder.php(1916): CodeIgniter\Database\BaseConnection->query('INSERT INTO `mahasiswa` (`email`, `nim`, `fullname`, `user_image`, `created_at`, `updated_at`) VALUES (:email:, :nim:, :fullname:, :user_image:, :created_at:, :updated_at:)', [...], false)
 5 SYSTEMPATH\Model.php(279): CodeIgniter\Database\BaseBuilder->insert()
 6 SYSTEMPATH\BaseModel.php(749): CodeIgniter\Model->doInsert([...])
 7 SYSTEMPATH\Model.php(667): CodeIgniter\BaseModel->insert([...], false)
 8 SYSTEMPATH\BaseModel.php(659): CodeIgniter\Model->insert([...], false)
 9 APPPATH\Controllers\Mahasiswa.php(85): CodeIgniter\BaseModel->save([...])
10 SYSTEMPATH\CodeIgniter.php(927): App\Controllers\Mahasiswa->create()
11 SYSTEMPATH\CodeIgniter.php(482): CodeIgniter\CodeIgniter->runController(Object(App\Controllers\Mahasiswa))
12 SYSTEMPATH\CodeIgniter.php(351): CodeIgniter\CodeIgniter->handleRequest(null, Object(Config\Cache), false)
13 FCPATH\index.php(67): CodeIgniter\CodeIgniter->run()
14 SYSTEMPATH\Commands\Server\rewrite.php(46): require_once('FCPATH\\index.php')
ERROR - 2022-11-17 21:09:00 --> mysqli_sql_exception: Unknown column 'created_at' in 'field list' in G:\codeigniter4\codeigniter4-framework-6ffad15\system\Database\MySQLi\Connection.php:292
Stack trace:
#0 G:\codeigniter4\codeigniter4-framework-6ffad15\system\Database\MySQLi\Connection.php(292): mysqli->query('INSERT INTO `ma...', 0)
#1 G:\codeigniter4\codeigniter4-framework-6ffad15\system\Database\BaseConnection.php(666): CodeIgniter\Database\MySQLi\Connection->execute('INSERT INTO `ma...')
#2 G:\codeigniter4\codeigniter4-framework-6ffad15\system\Database\BaseConnection.php(593): CodeIgniter\Database\BaseConnection->simpleQuery('INSERT INTO `ma...')
#3 G:\codeigniter4\codeigniter4-framework-6ffad15\system\Database\BaseBuilder.php(1916): CodeIgniter\Database\BaseConnection->query('INSERT INTO `ma...', Array, false)
#4 G:\codeigniter4\codeigniter4-framework-6ffad15\system\Model.php(279): CodeIgniter\Database\BaseBuilder->insert()
#5 G:\codeigniter4\codeigniter4-framework-6ffad15\system\BaseModel.php(749): CodeIgniter\Model->doInsert(Array)
#6 G:\codeigniter4\codeigniter4-framework-6ffad15\system\Model.php(667): CodeIgniter\BaseModel->insert(Array, false)
#7 G:\codeigniter4\codeigniter4-framework-6ffad15\system\BaseModel.php(659): CodeIgniter\Model->insert(Array, false)
#8 G:\codeigniter4\codeigniter4-framework-6ffad15\app\Controllers\Mahasiswa.php(85): CodeIgniter\BaseModel->save(Array)
#9 G:\codeigniter4\codeigniter4-framework-6ffad15\system\CodeIgniter.php(927): App\Controllers\Mahasiswa->create()
#10 G:\codeigniter4\codeigniter4-framework-6ffad15\system\CodeIgniter.php(482): CodeIgniter\CodeIgniter->runController(Object(App\Controllers\Mahasiswa))
#11 G:\codeigniter4\codeigniter4-framework-6ffad15\system\CodeIgniter.php(351): CodeIgniter\CodeIgniter->handleRequest(NULL, Object(Config\Cache), false)
#12 G:\codeigniter4\codeigniter4-framework-6ffad15\public\index.php(67): CodeIgniter\CodeIgniter->run()
#13 G:\codeigniter4\codeigniter4-framework-6ffad15\system\Commands\Server\rewrite.php(46): require_once('G:\\codeigniter4...')
#14 {main}
CRITICAL - 2022-11-17 21:09:00 --> Unknown column 'created_at' in 'field list'
in SYSTEMPATH\Database\MySQLi\Connection.php on line 292.
 1 SYSTEMPATH\Database\MySQLi\Connection.php(292): mysqli->query('INSERT INTO `mahasiswa` (`email`, `nim`, `fullname`, `user_image`, `created_at`, `updated_at`) VALUES (\'haruman@gmail.com\', \'1002\', \'AsepWawan\', \'default.jpg\', \'2022-11-17 21:09:00\', \'2022-11-17 21:09:00\')', 0)
 2 SYSTEMPATH\Database\BaseConnection.php(666): CodeIgniter\Database\MySQLi\Connection->execute('INSERT INTO `mahasiswa` (`email`, `nim`, `fullname`, `user_image`, `created_at`, `updated_at`) VALUES (\'haruman@gmail.com\', \'1002\', \'AsepWawan\', \'default.jpg\', \'2022-11-17 21:09:00\', \'2022-11-17 21:09:00\')')
 3 SYSTEMPATH\Database\BaseConnection.php(593): CodeIgniter\Database\BaseConnection->simpleQuery('INSERT INTO `mahasiswa` (`email`, `nim`, `fullname`, `user_image`, `created_at`, `updated_at`) VALUES (\'haruman@gmail.com\', \'1002\', \'AsepWawan\', \'default.jpg\', \'2022-11-17 21:09:00\', \'2022-11-17 21:09:00\')')
 4 SYSTEMPATH\Database\BaseBuilder.php(1916): CodeIgniter\Database\BaseConnection->query('INSERT INTO `mahasiswa` (`email`, `nim`, `fullname`, `user_image`, `created_at`, `updated_at`) VALUES (:email:, :nim:, :fullname:, :user_image:, :created_at:, :updated_at:)', [...], false)
 5 SYSTEMPATH\Model.php(279): CodeIgniter\Database\BaseBuilder->insert()
 6 SYSTEMPATH\BaseModel.php(749): CodeIgniter\Model->doInsert([...])
 7 SYSTEMPATH\Model.php(667): CodeIgniter\BaseModel->insert([...], false)
 8 SYSTEMPATH\BaseModel.php(659): CodeIgniter\Model->insert([...], false)
 9 APPPATH\Controllers\Mahasiswa.php(85): CodeIgniter\BaseModel->save([...])
10 SYSTEMPATH\CodeIgniter.php(927): App\Controllers\Mahasiswa->create()
11 SYSTEMPATH\CodeIgniter.php(482): CodeIgniter\CodeIgniter->runController(Object(App\Controllers\Mahasiswa))
12 SYSTEMPATH\CodeIgniter.php(351): CodeIgniter\CodeIgniter->handleRequest(null, Object(Config\Cache), false)
13 FCPATH\index.php(67): CodeIgniter\CodeIgniter->run()
14 SYSTEMPATH\Commands\Server\rewrite.php(46): require_once('FCPATH\\index.php')
CRITICAL - 2022-11-17 21:15:32 --> Undefined variable: id
in APPPATH\Controllers\Mahasiswa.php on line 21.
 1 APPPATH\Controllers\Mahasiswa.php(21): CodeIgniter\Debug\Exceptions->errorHandler(8, 'Undefined variable: id', 'APPPATH\\Controllers\\Mahasiswa.php', 21, [...])
 2 SYSTEMPATH\CodeIgniter.php(927): App\Controllers\Mahasiswa->index('1')
 3 SYSTEMPATH\CodeIgniter.php(482): CodeIgniter\CodeIgniter->runController(Object(App\Controllers\Mahasiswa))
 4 SYSTEMPATH\CodeIgniter.php(351): CodeIgniter\CodeIgniter->handleRequest(null, Object(Config\Cache), false)
 5 FCPATH\index.php(67): CodeIgniter\CodeIgniter->run()
 6 SYSTEMPATH\Commands\Server\rewrite.php(46): require_once('FCPATH\\index.php')
CRITICAL - 2022-11-17 21:15:49 --> Undefined variable: id
in APPPATH\Controllers\Mahasiswa.php on line 21.
 1 APPPATH\Controllers\Mahasiswa.php(21): CodeIgniter\Debug\Exceptions->errorHandler(8, 'Undefined variable: id', 'APPPATH\\Controllers\\Mahasiswa.php', 21, [...])
 2 SYSTEMPATH\CodeIgniter.php(927): App\Controllers\Mahasiswa->index('1')
 3 SYSTEMPATH\CodeIgniter.php(482): CodeIgniter\CodeIgniter->runController(Object(App\Controllers\Mahasiswa))
 4 SYSTEMPATH\CodeIgniter.php(351): CodeIgniter\CodeIgniter->handleRequest(null, Object(Config\Cache), false)
 5 FCPATH\index.php(67): CodeIgniter\CodeIgniter->run()
 6 SYSTEMPATH\Commands\Server\rewrite.php(46): require_once('FCPATH\\index.php')
