ERROR - 2022-11-19 03:23:28 --> Error connecting to the database: mysqli_sql_exception: No connection could be made because the target machine actively refused it.
 in G:\codeigniter4\codeigniter4-framework-6ffad15\system\Database\MySQLi\Connection.php:171
Stack trace:
#0 G:\codeigniter4\codeigniter4-framework-6ffad15\system\Database\MySQLi\Connection.php(171): mysqli->real_connect('localhost', 'root', '', 'ci4_api', 3306, '', 0)
#1 G:\codeigniter4\codeigniter4-framework-6ffad15\system\Database\BaseConnection.php(382): CodeIgniter\Database\MySQLi\Connection->connect(false)
#2 G:\codeigniter4\codeigniter4-framework-6ffad15\system\Database\BaseConnection.php(561): CodeIgniter\Database\BaseConnection->initialize()
#3 G:\codeigniter4\codeigniter4-framework-6ffad15\system\Database\BaseBuilder.php(1669): CodeIgniter\Database\BaseConnection->query('SELECT COUNT(*)...', Array, false)
#4 G:\codeigniter4\codeigniter4-framework-6ffad15\app\Controllers\Mahasiswa.php(21): CodeIgniter\Database\BaseBuilder->countAllResults()
#5 G:\codeigniter4\codeigniter4-framework-6ffad15\system\CodeIgniter.php(927): App\Controllers\Mahasiswa->index('2')
#6 G:\codeigniter4\codeigniter4-framework-6ffad15\system\CodeIgniter.php(482): CodeIgniter\CodeIgniter->runController(Object(App\Controllers\Mahasiswa))
#7 G:\codeigniter4\codeigniter4-framework-6ffad15\system\CodeIgniter.php(351): CodeIgniter\CodeIgniter->handleRequest(NULL, Object(Config\Cache), false)
#8 G:\codeigniter4\codeigniter4-framework-6ffad15\public\index.php(67): CodeIgniter\CodeIgniter->run()
#9 G:\codeigniter4\codeigniter4-framework-6ffad15\system\Commands\Server\rewrite.php(46): require_once('G:\\codeigniter4...')
#10 {main}

Next CodeIgniter\Database\Exceptions\DatabaseException: No connection could be made because the target machine actively refused it.
 in G:\codeigniter4\codeigniter4-framework-6ffad15\system\Database\MySQLi\Connection.php:215
Stack trace:
#0 G:\codeigniter4\codeigniter4-framework-6ffad15\system\Database\BaseConnection.php(382): CodeIgniter\Database\MySQLi\Connection->connect(false)
#1 G:\codeigniter4\codeigniter4-framework-6ffad15\system\Database\BaseConnection.php(561): CodeIgniter\Database\BaseConnection->initialize()
#2 G:\codeigniter4\codeigniter4-framework-6ffad15\system\Database\BaseBuilder.php(1669): CodeIgniter\Database\BaseConnection->query('SELECT COUNT(*)...', Array, false)
#3 G:\codeigniter4\codeigniter4-framework-6ffad15\app\Controllers\Mahasiswa.php(21): CodeIgniter\Database\BaseBuilder->countAllResults()
#4 G:\codeigniter4\codeigniter4-framework-6ffad15\system\CodeIgniter.php(927): App\Controllers\Mahasiswa->index('2')
#5 G:\codeigniter4\codeigniter4-framework-6ffad15\system\CodeIgniter.php(482): CodeIgniter\CodeIgniter->runController(Object(App\Controllers\Mahasiswa))
#6 G:\codeigniter4\codeigniter4-framework-6ffad15\system\CodeIgniter.php(351): CodeIgniter\CodeIgniter->handleRequest(NULL, Object(Config\Cache), false)
#7 G:\codeigniter4\codeigniter4-framework-6ffad15\public\index.php(67): CodeIgniter\CodeIgniter->run()
#8 G:\codeigniter4\codeigniter4-framework-6ffad15\system\Commands\Server\rewrite.php(46): require_once('G:\\codeigniter4...')
#9 {main}
CRITICAL - 2022-11-19 03:23:28 --> Unable to connect to the database.
Main connection [MySQLi]: No connection could be made because the target machine actively refused it.

in SYSTEMPATH\Database\BaseConnection.php on line 418.
 1 SYSTEMPATH\Database\BaseConnection.php(561): CodeIgniter\Database\BaseConnection->initialize()
 2 SYSTEMPATH\Database\BaseBuilder.php(1669): CodeIgniter\Database\BaseConnection->query('SELECT COUNT(*) AS `numrows`
FROM `mahasiswa`
WHERE `id` = :id:', [...], false)
 3 APPPATH\Controllers\Mahasiswa.php(21): CodeIgniter\Database\BaseBuilder->countAllResults()
 4 SYSTEMPATH\CodeIgniter.php(927): App\Controllers\Mahasiswa->index('2')
 5 SYSTEMPATH\CodeIgniter.php(482): CodeIgniter\CodeIgniter->runController(Object(App\Controllers\Mahasiswa))
 6 SYSTEMPATH\CodeIgniter.php(351): CodeIgniter\CodeIgniter->handleRequest(null, Object(Config\Cache), false)
 7 FCPATH\index.php(67): CodeIgniter\CodeIgniter->run()
 8 SYSTEMPATH\Commands\Server\rewrite.php(46): require_once('FCPATH\\index.php')
CRITICAL - 2022-11-19 03:40:47 --> There is no data to update.
in SYSTEMPATH\BaseModel.php on line 1598.
 1 SYSTEMPATH\BaseModel.php(1598): CodeIgniter\Database\Exceptions\DataException::forEmptyDataset('update')
 2 SYSTEMPATH\BaseModel.php(853): CodeIgniter\BaseModel->transformDataToArray(null, 'update')
 3 SYSTEMPATH\Model.php(693): CodeIgniter\BaseModel->update([...], null)
 4 APPPATH\Controllers\Mahasiswa.php(213): CodeIgniter\Model->update([...])
 5 SYSTEMPATH\CodeIgniter.php(927): App\Controllers\Mahasiswa->modified('4')
 6 SYSTEMPATH\CodeIgniter.php(482): CodeIgniter\CodeIgniter->runController(Object(App\Controllers\Mahasiswa))
 7 SYSTEMPATH\CodeIgniter.php(351): CodeIgniter\CodeIgniter->handleRequest(null, Object(Config\Cache), false)
 8 FCPATH\index.php(67): CodeIgniter\CodeIgniter->run()
 9 SYSTEMPATH\Commands\Server\rewrite.php(46): require_once('FCPATH\\index.php')
CRITICAL - 2022-11-19 04:05:00 --> syntax error, unexpected end of file, expecting function (T_FUNCTION) or const (T_CONST)
in APPPATH\Controllers\Mahasiswa.php on line 393.
 1 SYSTEMPATH\Autoloader\Autoloader.php(259): CodeIgniter\Autoloader\Autoloader->includeFile('APPPATH\\Controllers\\Mahasiswa.php')
 2 SYSTEMPATH\Autoloader\Autoloader.php(237): CodeIgniter\Autoloader\Autoloader->loadInNamespace('App\\Controllers\\Mahasiswa')
 3 [internal function]: CodeIgniter\Autoloader\Autoloader->loadClass('App\\Controllers\\Mahasiswa')
 4 [internal function]: spl_autoload_call('App\\Controllers\\Mahasiswa')
 5 SYSTEMPATH\CodeIgniter.php(877): class_exists('\\App\\Controllers\\Mahasiswa', true)
 6 SYSTEMPATH\CodeIgniter.php(469): CodeIgniter\CodeIgniter->startController()
 7 SYSTEMPATH\CodeIgniter.php(351): CodeIgniter\CodeIgniter->handleRequest(null, Object(Config\Cache), false)
 8 FCPATH\index.php(67): CodeIgniter\CodeIgniter->run()
 9 SYSTEMPATH\Commands\Server\rewrite.php(46): require_once('FCPATH\\index.php')
CRITICAL - 2022-11-19 04:05:03 --> syntax error, unexpected end of file, expecting function (T_FUNCTION) or const (T_CONST)
in APPPATH\Controllers\Mahasiswa.php on line 393.
 1 SYSTEMPATH\Autoloader\Autoloader.php(259): CodeIgniter\Autoloader\Autoloader->includeFile('APPPATH\\Controllers\\Mahasiswa.php')
 2 SYSTEMPATH\Autoloader\Autoloader.php(237): CodeIgniter\Autoloader\Autoloader->loadInNamespace('App\\Controllers\\Mahasiswa')
 3 [internal function]: CodeIgniter\Autoloader\Autoloader->loadClass('App\\Controllers\\Mahasiswa')
 4 [internal function]: spl_autoload_call('App\\Controllers\\Mahasiswa')
 5 SYSTEMPATH\CodeIgniter.php(877): class_exists('\\App\\Controllers\\Mahasiswa', true)
 6 SYSTEMPATH\CodeIgniter.php(469): CodeIgniter\CodeIgniter->startController()
 7 SYSTEMPATH\CodeIgniter.php(351): CodeIgniter\CodeIgniter->handleRequest(null, Object(Config\Cache), false)
 8 FCPATH\index.php(67): CodeIgniter\CodeIgniter->run()
 9 SYSTEMPATH\Commands\Server\rewrite.php(46): require_once('FCPATH\\index.php')
CRITICAL - 2022-11-19 04:05:34 --> There is no data to update.
in SYSTEMPATH\BaseModel.php on line 867.
 1 SYSTEMPATH\BaseModel.php(867): CodeIgniter\Database\Exceptions\DataException::forEmptyDataset('update')
 2 SYSTEMPATH\Model.php(693): CodeIgniter\BaseModel->update([...], [])
 3 APPPATH\Controllers\Mahasiswa.php(142): CodeIgniter\Model->update('7', [...])
 4 SYSTEMPATH\CodeIgniter.php(927): App\Controllers\Mahasiswa->modified('7')
 5 SYSTEMPATH\CodeIgniter.php(482): CodeIgniter\CodeIgniter->runController(Object(App\Controllers\Mahasiswa))
 6 SYSTEMPATH\CodeIgniter.php(351): CodeIgniter\CodeIgniter->handleRequest(null, Object(Config\Cache), false)
 7 FCPATH\index.php(67): CodeIgniter\CodeIgniter->run()
 8 SYSTEMPATH\Commands\Server\rewrite.php(46): require_once('FCPATH\\index.php')
CRITICAL - 2022-11-19 04:05:38 --> There is no data to update.
in SYSTEMPATH\BaseModel.php on line 867.
 1 SYSTEMPATH\BaseModel.php(867): CodeIgniter\Database\Exceptions\DataException::forEmptyDataset('update')
 2 SYSTEMPATH\Model.php(693): CodeIgniter\BaseModel->update([...], [])
 3 APPPATH\Controllers\Mahasiswa.php(142): CodeIgniter\Model->update('7', [...])
 4 SYSTEMPATH\CodeIgniter.php(927): App\Controllers\Mahasiswa->modified('7')
 5 SYSTEMPATH\CodeIgniter.php(482): CodeIgniter\CodeIgniter->runController(Object(App\Controllers\Mahasiswa))
 6 SYSTEMPATH\CodeIgniter.php(351): CodeIgniter\CodeIgniter->handleRequest(null, Object(Config\Cache), false)
 7 FCPATH\index.php(67): CodeIgniter\CodeIgniter->run()
 8 SYSTEMPATH\Commands\Server\rewrite.php(46): require_once('FCPATH\\index.php')
CRITICAL - 2022-11-19 04:31:59 --> Undefined index: email
in APPPATH\Controllers\NewMahasiswa.php on line 67.
 1 APPPATH\Controllers\NewMahasiswa.php(67): CodeIgniter\Debug\Exceptions->errorHandler(8, 'Undefined index: email', 'APPPATH\\Controllers\\NewMahasiswa.php', 67, [...])
 2 SYSTEMPATH\CodeIgniter.php(927): App\Controllers\NewMahasiswa->update('7')
 3 SYSTEMPATH\CodeIgniter.php(482): CodeIgniter\CodeIgniter->runController(Object(App\Controllers\NewMahasiswa))
 4 SYSTEMPATH\CodeIgniter.php(351): CodeIgniter\CodeIgniter->handleRequest(null, Object(Config\Cache), false)
 5 FCPATH\index.php(67): CodeIgniter\CodeIgniter->run()
 6 SYSTEMPATH\Commands\Server\rewrite.php(46): require_once('FCPATH\\index.php')
ERROR - 2022-11-19 10:06:29 --> mysqli_sql_exception: Duplicate entry '2001' for key 'nim' in G:\codeigniter4\codeigniter4-framework-6ffad15\system\Database\MySQLi\Connection.php:292
Stack trace:
#0 G:\codeigniter4\codeigniter4-framework-6ffad15\system\Database\MySQLi\Connection.php(292): mysqli->query('INSERT INTO `ma...', 0)
#1 G:\codeigniter4\codeigniter4-framework-6ffad15\system\Database\BaseConnection.php(666): CodeIgniter\Database\MySQLi\Connection->execute('INSERT INTO `ma...')
#2 G:\codeigniter4\codeigniter4-framework-6ffad15\system\Database\BaseConnection.php(593): CodeIgniter\Database\BaseConnection->simpleQuery('INSERT INTO `ma...')
#3 G:\codeigniter4\codeigniter4-framework-6ffad15\system\Database\BaseBuilder.php(1916): CodeIgniter\Database\BaseConnection->query('INSERT INTO `ma...', Array, false)
#4 G:\codeigniter4\codeigniter4-framework-6ffad15\system\Model.php(279): CodeIgniter\Database\BaseBuilder->insert()
#5 G:\codeigniter4\codeigniter4-framework-6ffad15\system\BaseModel.php(749): CodeIgniter\Model->doInsert(Array)
#6 G:\codeigniter4\codeigniter4-framework-6ffad15\system\Model.php(667): CodeIgniter\BaseModel->insert(Array, false)
#7 G:\codeigniter4\codeigniter4-framework-6ffad15\system\BaseModel.php(659): CodeIgniter\Model->insert(Array, false)
#8 G:\codeigniter4\codeigniter4-framework-6ffad15\app\Controllers\Mahasiswa.php(89): CodeIgniter\BaseModel->save(Array)
#9 G:\codeigniter4\codeigniter4-framework-6ffad15\system\CodeIgniter.php(927): App\Controllers\Mahasiswa->create()
#10 G:\codeigniter4\codeigniter4-framework-6ffad15\system\CodeIgniter.php(482): CodeIgniter\CodeIgniter->runController(Object(App\Controllers\Mahasiswa))
#11 G:\codeigniter4\codeigniter4-framework-6ffad15\system\CodeIgniter.php(351): CodeIgniter\CodeIgniter->handleRequest(NULL, Object(Config\Cache), false)
#12 G:\codeigniter4\codeigniter4-framework-6ffad15\public\index.php(67): CodeIgniter\CodeIgniter->run()
#13 G:\codeigniter4\codeigniter4-framework-6ffad15\system\Commands\Server\rewrite.php(46): require_once('G:\\codeigniter4...')
#14 {main}
CRITICAL - 2022-11-19 10:06:29 --> Duplicate entry '2001' for key 'nim'
in SYSTEMPATH\Database\MySQLi\Connection.php on line 292.
 1 SYSTEMPATH\Database\MySQLi\Connection.php(292): mysqli->query('INSERT INTO `mahasiswa` (`email`, `nim`, `fullname`, `user_image`) VALUES (\'asepdadang@gmail.com\', \'2001\', \'asepdadang\', \'mamang.jpg\')', 0)
 2 SYSTEMPATH\Database\BaseConnection.php(666): CodeIgniter\Database\MySQLi\Connection->execute('INSERT INTO `mahasiswa` (`email`, `nim`, `fullname`, `user_image`) VALUES (\'asepdadang@gmail.com\', \'2001\', \'asepdadang\', \'mamang.jpg\')')
 3 SYSTEMPATH\Database\BaseConnection.php(593): CodeIgniter\Database\BaseConnection->simpleQuery('INSERT INTO `mahasiswa` (`email`, `nim`, `fullname`, `user_image`) VALUES (\'asepdadang@gmail.com\', \'2001\', \'asepdadang\', \'mamang.jpg\')')
 4 SYSTEMPATH\Database\BaseBuilder.php(1916): CodeIgniter\Database\BaseConnection->query('INSERT INTO `mahasiswa` (`email`, `nim`, `fullname`, `user_image`) VALUES (:email:, :nim:, :fullname:, :user_image:)', [...], false)
 5 SYSTEMPATH\Model.php(279): CodeIgniter\Database\BaseBuilder->insert()
 6 SYSTEMPATH\BaseModel.php(749): CodeIgniter\Model->doInsert([...])
 7 SYSTEMPATH\Model.php(667): CodeIgniter\BaseModel->insert([...], false)
 8 SYSTEMPATH\BaseModel.php(659): CodeIgniter\Model->insert([...], false)
 9 APPPATH\Controllers\Mahasiswa.php(89): CodeIgniter\BaseModel->save([...])
10 SYSTEMPATH\CodeIgniter.php(927): App\Controllers\Mahasiswa->create()
11 SYSTEMPATH\CodeIgniter.php(482): CodeIgniter\CodeIgniter->runController(Object(App\Controllers\Mahasiswa))
12 SYSTEMPATH\CodeIgniter.php(351): CodeIgniter\CodeIgniter->handleRequest(null, Object(Config\Cache), false)
13 FCPATH\index.php(67): CodeIgniter\CodeIgniter->run()
14 SYSTEMPATH\Commands\Server\rewrite.php(46): require_once('FCPATH\\index.php')
CRITICAL - 2022-11-19 10:15:36 --> Undefined index: email
in APPPATH\Controllers\NewMahasiswa.php on line 67.
 1 APPPATH\Controllers\NewMahasiswa.php(67): CodeIgniter\Debug\Exceptions->errorHandler(8, 'Undefined index: email', 'APPPATH\\Controllers\\NewMahasiswa.php', 67, [...])
 2 SYSTEMPATH\CodeIgniter.php(927): App\Controllers\NewMahasiswa->update('11')
 3 SYSTEMPATH\CodeIgniter.php(482): CodeIgniter\CodeIgniter->runController(Object(App\Controllers\NewMahasiswa))
 4 SYSTEMPATH\CodeIgniter.php(351): CodeIgniter\CodeIgniter->handleRequest(null, Object(Config\Cache), false)
 5 FCPATH\index.php(67): CodeIgniter\CodeIgniter->run()
 6 SYSTEMPATH\Commands\Server\rewrite.php(46): require_once('FCPATH\\index.php')
CRITICAL - 2022-11-19 10:17:13 --> Undefined index: email
in APPPATH\Controllers\NewMahasiswa.php on line 67.
 1 APPPATH\Controllers\NewMahasiswa.php(67): CodeIgniter\Debug\Exceptions->errorHandler(8, 'Undefined index: email', 'APPPATH\\Controllers\\NewMahasiswa.php', 67, [...])
 2 SYSTEMPATH\CodeIgniter.php(927): App\Controllers\NewMahasiswa->update('11')
 3 SYSTEMPATH\CodeIgniter.php(482): CodeIgniter\CodeIgniter->runController(Object(App\Controllers\NewMahasiswa))
 4 SYSTEMPATH\CodeIgniter.php(351): CodeIgniter\CodeIgniter->handleRequest(null, Object(Config\Cache), false)
 5 FCPATH\index.php(67): CodeIgniter\CodeIgniter->run()
 6 SYSTEMPATH\Commands\Server\rewrite.php(46): require_once('FCPATH\\index.php')
CRITICAL - 2022-11-19 10:17:28 --> Undefined index: email
in APPPATH\Controllers\NewMahasiswa.php on line 67.
 1 APPPATH\Controllers\NewMahasiswa.php(67): CodeIgniter\Debug\Exceptions->errorHandler(8, 'Undefined index: email', 'APPPATH\\Controllers\\NewMahasiswa.php', 67, [...])
 2 SYSTEMPATH\CodeIgniter.php(927): App\Controllers\NewMahasiswa->update('11')
 3 SYSTEMPATH\CodeIgniter.php(482): CodeIgniter\CodeIgniter->runController(Object(App\Controllers\NewMahasiswa))
 4 SYSTEMPATH\CodeIgniter.php(351): CodeIgniter\CodeIgniter->handleRequest(null, Object(Config\Cache), false)
 5 FCPATH\index.php(67): CodeIgniter\CodeIgniter->run()
 6 SYSTEMPATH\Commands\Server\rewrite.php(46): require_once('FCPATH\\index.php')
CRITICAL - 2022-11-19 10:17:33 --> Undefined index: email
in APPPATH\Controllers\NewMahasiswa.php on line 67.
 1 APPPATH\Controllers\NewMahasiswa.php(67): CodeIgniter\Debug\Exceptions->errorHandler(8, 'Undefined index: email', 'APPPATH\\Controllers\\NewMahasiswa.php', 67, [...])
 2 SYSTEMPATH\CodeIgniter.php(927): App\Controllers\NewMahasiswa->update('11')
 3 SYSTEMPATH\CodeIgniter.php(482): CodeIgniter\CodeIgniter->runController(Object(App\Controllers\NewMahasiswa))
 4 SYSTEMPATH\CodeIgniter.php(351): CodeIgniter\CodeIgniter->handleRequest(null, Object(Config\Cache), false)
 5 FCPATH\index.php(67): CodeIgniter\CodeIgniter->run()
 6 SYSTEMPATH\Commands\Server\rewrite.php(46): require_once('FCPATH\\index.php')
